<?xml version="1.0" encoding="UTF-8"?>
<testsuite xmlns:xsi="http://www.w3.org/2001/XMLSchema-instance" xsi:noNamespaceSchemaLocation="https://maven.apache.org/surefire/maven-surefire-plugin/xsd/surefire-test-report-3.0.xsd" version="3.0" name="edu.yu.cs.com1320.project.stage4.impl.DocumentAPITest" time="0.044" tests="12" errors="0" skipped="0" failures="0">
  <properties>
[...]
</properties>
  <testcase name="getDocumentTxtExists" classname="edu.yu.cs.com1320.project.stage4.impl.DocumentAPITest" time="0.001"/>
  <testcase name="interfaceCount" classname="edu.yu.cs.com1320.project.stage4.impl.DocumentAPITest" time="0.002"/>
  <testcase name="methodCount" classname="edu.yu.cs.com1320.project.stage4.impl.DocumentAPITest" time="0.016"/>
  <testcase name="constructor1Exists" classname="edu.yu.cs.com1320.project.stage4.impl.DocumentAPITest" time="0.001"/>
  <testcase name="stage3WordCountExists" classname="edu.yu.cs.com1320.project.stage4.impl.DocumentAPITest" time="0"/>
  <testcase name="constructor2Exists" classname="edu.yu.cs.com1320.project.stage4.impl.DocumentAPITest" time="0.003"/>
  <testcase name="subClassCount" classname="edu.yu.cs.com1320.project.stage4.impl.DocumentAPITest" time="0.002"/>
  <testcase name="stage4SetLastUseTimeExists" classname="edu.yu.cs.com1320.project.stage4.impl.DocumentAPITest" time="0.001"/>
  <testcase name="fieldCount" classname="edu.yu.cs.com1320.project.stage4.impl.DocumentAPITest" time="0.001"/>
  <testcase name="stage4GetLastUseTimeExists" classname="edu.yu.cs.com1320.project.stage4.impl.DocumentAPITest" time="0.002"/>
  <testcase name="getDocumentBinaryDataExists" classname="edu.yu.cs.com1320.project.stage4.impl.DocumentAPITest" time="0.001"/>
  <testcase name="getKeyExists" classname="edu.yu.cs.com1320.project.stage4.impl.DocumentAPITest" time="0.001"/>
</testsuite>